   0  $accept : program $end

   1  program : decls

   2  decls : decls decl
   3        | decl

   4  decl : variable ';'
   5       | functionDecl
   6       | classDecl
   7       | interfaceDecl

   8  $$1 :

   9  interfaceDecl : Y_Interface $$1 identifier '{' nprototypes '}'

  10  nprototypes : prototypes
  11              |

  12  prototypes : prototypes prototype
  13             | prototype

  14  prototype : type identifier '(' formals ')' ';'
  15            | void identifier '(' formals ')' ';'

  16  nvariableDecls : variableDecls
  17                 |

  18  variableDecls : variableDecls variable ';'
  19                | variable ';'

  20  variable : type identifier

  21  type : Y_Int
  22       | Y_Double
  23       | Y_Bool
  24       | Y_String
  25       | Y_TypeIdentifier
  26       | type '[' ']'

  27  functionDecl : type identifier '(' formals ')' stmtBlock
  28               | void identifier '(' formals ')' stmtBlock

  29  $$2 :

  30  classDecl : Y_Class $$2 identifier extends_ident implements_ident '{' nfields '}'

  31  $$3 :

  32  extends_ident : Y_Extends $$3 identifier
  33                |

  34  $$4 :

  35  implements_ident : Y_Implements $$4 identifiers
  36                   |

  37  nfields : fields
  38          |

  39  fields : fields field
  40         | field

  41  field : variable ';'
  42        | functionDecl

  43  identifiers : identifiers ',' identifier
  44              | identifier

  45  formals : formals ',' variable
  46          | variable
  47          |

  48  stmtBlock : '{' nvariableDecls nstmts '}'

  49  nstmts : stmts
  50         |

  51  stmts : stmts stmt
  52        | stmt

  53  $$5 :

  54  returnStmt : Y_Return $$5 nexpr ';'

  55  $$6 :

  56  printStmt : Y_Print $$6 '(' exprs ')' ';'

  57  stmt : matched_stmt
  58       | open_stmt

  59  other_stmt : breakStmt ';'
  60             | nexpr ';'
  61             | returnStmt
  62             | printStmt
  63             | stmtBlock

  64  matched_stmt : other_stmt
  65               | matched_if
  66               | matched_while
  67               | matched_for

  68  open_stmt : open_if
  69            | open_while
  70            | open_for

  71  $$7 :

  72  commonIf : Y_If $$7 '(' expr ')'

  73  $$8 :

  74  commonWhile : Y_While $$8 '(' expr ')'

  75  $$9 :

  76  commonFor : Y_For $$9 '(' nexpr ';' expr ';' nexpr ')'

  77  common_matched_else : commonIf matched_stmt Y_Else

  78  matched_if : common_matched_else matched_stmt

  79  matched_while : commonWhile matched_stmt

  80  matched_for : commonFor matched_stmt

  81  open_if : commonIf stmt
  82          | common_matched_else open_stmt

  83  open_while : commonWhile open_stmt

  84  open_for : commonFor open_stmt

  85  constant : Y_IntConstant
  86           | Y_DoubleConstant
  87           | Y_BoolConstant
  88           | Y_StringConstant
  89           | Y_Null

  90  nexpr : expr
  91        |

  92  expr : constant

  93  $$10 :

  94  expr : lvalue '=' $$10 expr
  95       | lvalue
  96       | Y_This
  97       | call

  98  $$11 :

  99  expr : expr '+' $$11 expr

 100  $$12 :

 101  expr : expr '-' $$12 expr

 102  $$13 :

 103  expr : expr '*' $$13 expr

 104  $$14 :

 105  expr : expr '/' $$14 expr

 106  $$15 :

 107  expr : expr '%' $$15 expr

 108  $$16 :

 109  expr : expr '<' $$16 expr

 110  $$17 :

 111  expr : expr '>' $$17 expr

 112  $$18 :

 113  expr : expr Y_LessEqual $$18 expr

 114  $$19 :

 115  expr : expr Y_Equal $$19 expr

 116  $$20 :

 117  expr : expr Y_GreaterEqual $$20 expr

 118  $$21 :

 119  expr : expr Y_NotEqual $$21 expr

 120  $$22 :

 121  expr : expr Y_And $$22 expr

 122  $$23 :

 123  expr : expr Y_Or $$23 expr
 124       | '(' expr ')'

 125  $$24 :

 126  expr : '-' $$24 expr

 127  $$25 :

 128  expr : '!' $$25 expr

 129  $$26 :

 130  expr : Y_ReadInteger $$26 '(' ')'

 131  $$27 :

 132  expr : Y_ReadLine $$27 '(' ')'

 133  $$28 :

 134  expr : Y_New $$28 '(' identifier ')'

 135  $$29 :

 136  expr : Y_NewArray $$29 '(' expr ',' type ')'

 137  lvalue : identifier
 138         | dot
 139         | expr '[' expr ']'

 140  dot : expr '.' identifier

 141  call : dot '(' actuals ')'
 142       | identifier '(' actuals ')'

 143  actuals : exprs
 144          |

 145  exprs : exprs ',' expr
 146        | expr

 147  identifier : Y_Identifier

 148  void : Y_Void

 149  breakStmt : Y_Break

state 0
	$accept : . program $end  (0)

	Y_Void  shift 1
	Y_Int  shift 2
	Y_Double  shift 3
	Y_Bool  shift 4
	Y_String  shift 5
	Y_Class  shift 6
	Y_Interface  shift 7
	Y_TypeIdentifier  shift 8
	.  error

	program  goto 9
	decls  goto 10
	decl  goto 11
	variable  goto 12
	functionDecl  goto 13
	classDecl  goto 14
	interfaceDecl  goto 15
	type  goto 16
	void  goto 17


state 1
	void : Y_Void .  (148)

	.  reduce 148


state 2
	type : Y_Int .  (21)

	.  reduce 21


state 3
	type : Y_Double .  (22)

	.  reduce 22


state 4
	type : Y_Bool .  (23)

	.  reduce 23


state 5
	type : Y_String .  (24)

	.  reduce 24


state 6
	classDecl : Y_Class . $$2 identifier extends_ident implements_ident '{' nfields '}'  (30)
	$$2 : .  (29)

	.  reduce 29

	$$2  goto 18


state 7
	interfaceDecl : Y_Interface . $$1 identifier '{' nprototypes '}'  (9)
	$$1 : .  (8)

	.  reduce 8

	$$1  goto 19


state 8
	type : Y_TypeIdentifier .  (25)

	.  reduce 25


state 9
	$accept : program . $end  (0)

	$end  accept


state 10
	program : decls .  (1)
	decls : decls . decl  (2)

	Y_Void  shift 1
	Y_Int  shift 2
	Y_Double  shift 3
	Y_Bool  shift 4
	Y_String  shift 5
	Y_Class  shift 6
	Y_Interface  shift 7
	Y_TypeIdentifier  shift 8
	$end  reduce 1

	decl  goto 20
	variable  goto 12
	functionDecl  goto 13
	classDecl  goto 14
	interfaceDecl  goto 15
	type  goto 16
	void  goto 17


state 11
	decls : decl .  (3)

	.  reduce 3


state 12
	decl : variable . ';'  (4)

	';'  shift 21
	.  error


state 13
	decl : functionDecl .  (5)

	.  reduce 5


state 14
	decl : classDecl .  (6)

	.  reduce 6


state 15
	decl : interfaceDecl .  (7)

	.  reduce 7


state 16
	variable : type . identifier  (20)
	type : type . '[' ']'  (26)
	functionDecl : type . identifier '(' formals ')' stmtBlock  (27)

	Y_Identifier  shift 22
	'['  shift 23
	.  error

	identifier  goto 24


state 17
	functionDecl : void . identifier '(' formals ')' stmtBlock  (28)

	Y_Identifier  shift 22
	.  error

	identifier  goto 25


state 18
	classDecl : Y_Class $$2 . identifier extends_ident implements_ident '{' nfields '}'  (30)

	Y_Identifier  shift 22
	.  error

	identifier  goto 26


state 19
	interfaceDecl : Y_Interface $$1 . identifier '{' nprototypes '}'  (9)

	Y_Identifier  shift 22
	.  error

	identifier  goto 27


state 20
	decls : decls decl .  (2)

	.  reduce 2


state 21
	decl : variable ';' .  (4)

	.  reduce 4


state 22
	identifier : Y_Identifier .  (147)

	.  reduce 147


state 23
	type : type '[' . ']'  (26)

	']'  shift 28
	.  error


state 24
	variable : type identifier .  (20)
	functionDecl : type identifier . '(' formals ')' stmtBlock  (27)

	'('  shift 29
	';'  reduce 20


state 25
	functionDecl : void identifier . '(' formals ')' stmtBlock  (28)

	'('  shift 30
	.  error


state 26
	classDecl : Y_Class $$2 identifier . extends_ident implements_ident '{' nfields '}'  (30)
	extends_ident : .  (33)

	Y_Extends  shift 31
	Y_Implements  reduce 33
	'{'  reduce 33

	extends_ident  goto 32


state 27
	interfaceDecl : Y_Interface $$1 identifier . '{' nprototypes '}'  (9)

	'{'  shift 33
	.  error


state 28
	type : type '[' ']' .  (26)

	.  reduce 26


state 29
	functionDecl : type identifier '(' . formals ')' stmtBlock  (27)
	formals : .  (47)

	Y_Int  shift 2
	Y_Double  shift 3
	Y_Bool  shift 4
	Y_String  shift 5
	Y_TypeIdentifier  shift 8
	')'  reduce 47
	','  reduce 47

	variable  goto 34
	type  goto 35
	formals  goto 36


state 30
	functionDecl : void identifier '(' . formals ')' stmtBlock  (28)
	formals : .  (47)

	Y_Int  shift 2
	Y_Double  shift 3
	Y_Bool  shift 4
	Y_String  shift 5
	Y_TypeIdentifier  shift 8
	')'  reduce 47
	','  reduce 47

	variable  goto 34
	type  goto 35
	formals  goto 37


state 31
	extends_ident : Y_Extends . $$3 identifier  (32)
	$$3 : .  (31)

	.  reduce 31

	$$3  goto 38


state 32
	classDecl : Y_Class $$2 identifier extends_ident . implements_ident '{' nfields '}'  (30)
	implements_ident : .  (36)

	Y_Implements  shift 39
	'{'  reduce 36

	implements_ident  goto 40


state 33
	interfaceDecl : Y_Interface $$1 identifier '{' . nprototypes '}'  (9)
	nprototypes : .  (11)

	Y_Void  shift 1
	Y_Int  shift 2
	Y_Double  shift 3
	Y_Bool  shift 4
	Y_String  shift 5
	Y_TypeIdentifier  shift 8
	'}'  reduce 11

	nprototypes  goto 41
	prototypes  goto 42
	prototype  goto 43
	type  goto 44
	void  goto 45


state 34
	formals : variable .  (46)

	.  reduce 46


state 35
	variable : type . identifier  (20)
	type : type . '[' ']'  (26)

	Y_Identifier  shift 22
	'['  shift 23
	.  error

	identifier  goto 46


state 36
	functionDecl : type identifier '(' formals . ')' stmtBlock  (27)
	formals : formals . ',' variable  (45)

	')'  shift 47
	','  shift 48
	.  error


state 37
	functionDecl : void identifier '(' formals . ')' stmtBlock  (28)
	formals : formals . ',' variable  (45)

	')'  shift 49
	','  shift 48
	.  error


state 38
	extends_ident : Y_Extends $$3 . identifier  (32)

	Y_Identifier  shift 22
	.  error

	identifier  goto 50


state 39
	implements_ident : Y_Implements . $$4 identifiers  (35)
	$$4 : .  (34)

	.  reduce 34

	$$4  goto 51


state 40
	classDecl : Y_Class $$2 identifier extends_ident implements_ident . '{' nfields '}'  (30)

	'{'  shift 52
	.  error


state 41
	interfaceDecl : Y_Interface $$1 identifier '{' nprototypes . '}'  (9)

	'}'  shift 53
	.  error


state 42
	nprototypes : prototypes .  (10)
	prototypes : prototypes . prototype  (12)

	Y_Void  shift 1
	Y_Int  shift 2
	Y_Double  shift 3
	Y_Bool  shift 4
	Y_String  shift 5
	Y_TypeIdentifier  shift 8
	'}'  reduce 10

	prototype  goto 54
	type  goto 44
	void  goto 45


state 43
	prototypes : prototype .  (13)

	.  reduce 13


state 44
	prototype : type . identifier '(' formals ')' ';'  (14)
	type : type . '[' ']'  (26)

	Y_Identifier  shift 22
	'['  shift 23
	.  error

	identifier  goto 55


state 45
	prototype : void . identifier '(' formals ')' ';'  (15)

	Y_Identifier  shift 22
	.  error

	identifier  goto 56


state 46
	variable : type identifier .  (20)

	.  reduce 20


state 47
	functionDecl : type identifier '(' formals ')' . stmtBlock  (27)

	'{'  shift 57
	.  error

	stmtBlock  goto 58


state 48
	formals : formals ',' . variable  (45)

	Y_Int  shift 2
	Y_Double  shift 3
	Y_Bool  shift 4
	Y_String  shift 5
	Y_TypeIdentifier  shift 8
	.  error

	variable  goto 59
	type  goto 35


state 49
	functionDecl : void identifier '(' formals ')' . stmtBlock  (28)

	'{'  shift 57
	.  error

	stmtBlock  goto 60


state 50
	extends_ident : Y_Extends $$3 identifier .  (32)

	.  reduce 32


state 51
	implements_ident : Y_Implements $$4 . identifiers  (35)

	Y_Identifier  shift 22
	.  error

	identifier  goto 61
	identifiers  goto 62


state 52
	classDecl : Y_Class $$2 identifier extends_ident implements_ident '{' . nfields '}'  (30)
	nfields : .  (38)

	Y_Void  shift 1
	Y_Int  shift 2
	Y_Double  shift 3
	Y_Bool  shift 4
	Y_String  shift 5
	Y_TypeIdentifier  shift 8
	'}'  reduce 38

	variable  goto 63
	functionDecl  goto 64
	type  goto 16
	void  goto 17
	nfields  goto 65
	fields  goto 66
	field  goto 67


state 53
	interfaceDecl : Y_Interface $$1 identifier '{' nprototypes '}' .  (9)

	.  reduce 9


state 54
	prototypes : prototypes prototype .  (12)

	.  reduce 12


state 55
	prototype : type identifier . '(' formals ')' ';'  (14)

	'('  shift 68
	.  error


state 56
	prototype : void identifier . '(' formals ')' ';'  (15)

	'('  shift 69
	.  error


state 57
	stmtBlock : '{' . nvariableDecls nstmts '}'  (48)
	nvariableDecls : .  (17)

	Y_Int  shift 2
	Y_Double  shift 3
	Y_Bool  shift 4
	Y_String  shift 5
	Y_TypeIdentifier  shift 8
	Y_Null  reduce 17
	Y_This  reduce 17
	Y_For  reduce 17
	Y_While  reduce 17
	Y_If  reduce 17
	Y_Return  reduce 17
	Y_Break  reduce 17
	Y_New  reduce 17
	Y_NewArray  reduce 17
	Y_Print  reduce 17
	Y_ReadInteger  reduce 17
	Y_ReadLine  reduce 17
	Y_Identifier  reduce 17
	Y_IntConstant  reduce 17
	Y_BoolConstant  reduce 17
	Y_DoubleConstant  reduce 17
	Y_StringConstant  reduce 17
	'-'  reduce 17
	'!'  reduce 17
	';'  reduce 17
	'{'  reduce 17
	'}'  reduce 17
	'('  reduce 17

	variable  goto 70
	type  goto 35
	nvariableDecls  goto 71
	variableDecls  goto 72


state 58
	functionDecl : type identifier '(' formals ')' stmtBlock .  (27)

	.  reduce 27


state 59
	formals : formals ',' variable .  (45)

	.  reduce 45


state 60
	functionDecl : void identifier '(' formals ')' stmtBlock .  (28)

	.  reduce 28


state 61
	identifiers : identifier .  (44)

	.  reduce 44


state 62
	implements_ident : Y_Implements $$4 identifiers .  (35)
	identifiers : identifiers . ',' identifier  (43)

	','  shift 73
	'{'  reduce 35


state 63
	field : variable . ';'  (41)

	';'  shift 74
	.  error


state 64
	field : functionDecl .  (42)

	.  reduce 42


state 65
	classDecl : Y_Class $$2 identifier extends_ident implements_ident '{' nfields . '}'  (30)

	'}'  shift 75
	.  error


state 66
	nfields : fields .  (37)
	fields : fields . field  (39)

	Y_Void  shift 1
	Y_Int  shift 2
	Y_Double  shift 3
	Y_Bool  shift 4
	Y_String  shift 5
	Y_TypeIdentifier  shift 8
	'}'  reduce 37

	variable  goto 63
	functionDecl  goto 64
	type  goto 16
	void  goto 17
	field  goto 76


state 67
	fields : field .  (40)

	.  reduce 40


state 68
	prototype : type identifier '(' . formals ')' ';'  (14)
	formals : .  (47)

	Y_Int  shift 2
	Y_Double  shift 3
	Y_Bool  shift 4
	Y_String  shift 5
	Y_TypeIdentifier  shift 8
	')'  reduce 47
	','  reduce 47

	variable  goto 34
	type  goto 35
	formals  goto 77


state 69
	prototype : void identifier '(' . formals ')' ';'  (15)
	formals : .  (47)

	Y_Int  shift 2
	Y_Double  shift 3
	Y_Bool  shift 4
	Y_String  shift 5
	Y_TypeIdentifier  shift 8
	')'  reduce 47
	','  reduce 47

	variable  goto 34
	type  goto 35
	formals  goto 78


state 70
	variableDecls : variable . ';'  (19)

	';'  shift 79
	.  error


state 71
	stmtBlock : '{' nvariableDecls . nstmts '}'  (48)
	nstmts : .  (50)
	nexpr : .  (91)

	Y_Null  shift 80
	Y_This  shift 81
	Y_For  shift 82
	Y_While  shift 83
	Y_If  shift 84
	Y_Return  shift 85
	Y_Break  shift 86
	Y_New  shift 87
	Y_NewArray  shift 88
	Y_Print  shift 89
	Y_ReadInteger  shift 90
	Y_ReadLine  shift 91
	Y_Identifier  shift 22
	Y_IntConstant  shift 92
	Y_BoolConstant  shift 93
	Y_DoubleConstant  shift 94
	Y_StringConstant  shift 95
	'-'  shift 96
	'!'  shift 97
	'{'  shift 57
	'('  shift 98
	';'  reduce 91
	'}'  reduce 50

	identifier  goto 99
	stmtBlock  goto 100
	nstmts  goto 101
	stmts  goto 102
	stmt  goto 103
	returnStmt  goto 104
	nexpr  goto 105
	printStmt  goto 106
	matched_stmt  goto 107
	open_stmt  goto 108
	other_stmt  goto 109
	breakStmt  goto 110
	matched_if  goto 111
	matched_while  goto 112
	matched_for  goto 113
	open_if  goto 114
	open_while  goto 115
	open_for  goto 116
	commonIf  goto 117
	expr  goto 118
	commonWhile  goto 119
	commonFor  goto 120
	common_matched_else  goto 121
	constant  goto 122
	lvalue  goto 123
	call  goto 124
	dot  goto 125


state 72
	nvariableDecls : variableDecls .  (16)
	variableDecls : variableDecls . variable ';'  (18)

	Y_Int  shift 2
	Y_Double  shift 3
	Y_Bool  shift 4
	Y_String  shift 5
	Y_TypeIdentifier  shift 8
	Y_Null  reduce 16
	Y_This  reduce 16
	Y_For  reduce 16
	Y_While  reduce 16
	Y_If  reduce 16
	Y_Return  reduce 16
	Y_Break  reduce 16
	Y_New  reduce 16
	Y_NewArray  reduce 16
	Y_Print  reduce 16
	Y_ReadInteger  reduce 16
	Y_ReadLine  reduce 16
	Y_Identifier  reduce 16
	Y_IntConstant  reduce 16
	Y_BoolConstant  reduce 16
	Y_DoubleConstant  reduce 16
	Y_StringConstant  reduce 16
	'-'  reduce 16
	'!'  reduce 16
	';'  reduce 16
	'{'  reduce 16
	'}'  reduce 16
	'('  reduce 16

	variable  goto 126
	type  goto 35


state 73
	identifiers : identifiers ',' . identifier  (43)

	Y_Identifier  shift 22
	.  error

	identifier  goto 127


state 74
	field : variable ';' .  (41)

	.  reduce 41


state 75
	classDecl : Y_Class $$2 identifier extends_ident implements_ident '{' nfields '}' .  (30)

	.  reduce 30


state 76
	fields : fields field .  (39)

	.  reduce 39


state 77
	prototype : type identifier '(' formals . ')' ';'  (14)
	formals : formals . ',' variable  (45)

	')'  shift 128
	','  shift 48
	.  error


state 78
	prototype : void identifier '(' formals . ')' ';'  (15)
	formals : formals . ',' variable  (45)

	')'  shift 129
	','  shift 48
	.  error


state 79
	variableDecls : variable ';' .  (19)

	.  reduce 19


state 80
	constant : Y_Null .  (89)

	.  reduce 89


state 81
	expr : Y_This .  (96)

	.  reduce 96


state 82
	commonFor : Y_For . $$9 '(' nexpr ';' expr ';' nexpr ')'  (76)
	$$9 : .  (75)

	.  reduce 75

	$$9  goto 130


state 83
	commonWhile : Y_While . $$8 '(' expr ')'  (74)
	$$8 : .  (73)

	.  reduce 73

	$$8  goto 131


state 84
	commonIf : Y_If . $$7 '(' expr ')'  (72)
	$$7 : .  (71)

	.  reduce 71

	$$7  goto 132


state 85
	returnStmt : Y_Return . $$5 nexpr ';'  (54)
	$$5 : .  (53)

	.  reduce 53

	$$5  goto 133


state 86
	breakStmt : Y_Break .  (149)

	.  reduce 149


state 87
	expr : Y_New . $$28 '(' identifier ')'  (134)
	$$28 : .  (133)

	.  reduce 133

	$$28  goto 134


state 88
	expr : Y_NewArray . $$29 '(' expr ',' type ')'  (136)
	$$29 : .  (135)

	.  reduce 135

	$$29  goto 135


state 89
	printStmt : Y_Print . $$6 '(' exprs ')' ';'  (56)
	$$6 : .  (55)

	.  reduce 55

	$$6  goto 136


state 90
	expr : Y_ReadInteger . $$26 '(' ')'  (130)
	$$26 : .  (129)

	.  reduce 129

	$$26  goto 137


state 91
	expr : Y_ReadLine . $$27 '(' ')'  (132)
	$$27 : .  (131)

	.  reduce 131

	$$27  goto 138


state 92
	constant : Y_IntConstant .  (85)

	.  reduce 85


state 93
	constant : Y_BoolConstant .  (87)

	.  reduce 87


state 94
	constant : Y_DoubleConstant .  (86)

	.  reduce 86


state 95
	constant : Y_StringConstant .  (88)

	.  reduce 88


state 96
	expr : '-' . $$24 expr  (126)
	$$24 : .  (125)

	.  reduce 125

	$$24  goto 139


state 97
	expr : '!' . $$25 expr  (128)
	$$25 : .  (127)

	.  reduce 127

	$$25  goto 140


state 98
	expr : '(' . expr ')'  (124)

	Y_Null  shift 80
	Y_This  shift 81
	Y_New  shift 87
	Y_NewArray  shift 88
	Y_ReadInteger  shift 90
	Y_ReadLine  shift 91
	Y_Identifier  shift 22
	Y_IntConstant  shift 92
	Y_BoolConstant  shift 93
	Y_DoubleConstant  shift 94
	Y_StringConstant  shift 95
	'-'  shift 96
	'!'  shift 97
	'('  shift 98
	.  error

	identifier  goto 99
	expr  goto 141
	constant  goto 122
	lvalue  goto 123
	call  goto 124
	dot  goto 125


state 99
	lvalue : identifier .  (137)
	call : identifier . '(' actuals ')'  (142)

	'('  shift 142
	Y_LessEqual  reduce 137
	Y_GreaterEqual  reduce 137
	Y_Equal  reduce 137
	Y_NotEqual  reduce 137
	Y_And  reduce 137
	Y_Or  reduce 137
	'='  reduce 137
	'<'  reduce 137
	'>'  reduce 137
	'+'  reduce 137
	'-'  reduce 137
	'*'  reduce 137
	'/'  reduce 137
	'%'  reduce 137
	'['  reduce 137
	'.'  reduce 137
	';'  reduce 137
	')'  reduce 137
	']'  reduce 137
	','  reduce 137


state 100
	other_stmt : stmtBlock .  (63)

	.  reduce 63


state 101
	stmtBlock : '{' nvariableDecls nstmts . '}'  (48)

	'}'  shift 143
	.  error


state 102
	nstmts : stmts .  (49)
	stmts : stmts . stmt  (51)
	nexpr : .  (91)

	Y_Null  shift 80
	Y_This  shift 81
	Y_For  shift 82
	Y_While  shift 83
	Y_If  shift 84
	Y_Return  shift 85
	Y_Break  shift 86
	Y_New  shift 87
	Y_NewArray  shift 88
	Y_Print  shift 89
	Y_ReadInteger  shift 90
	Y_ReadLine  shift 91
	Y_Identifier  shift 22
	Y_IntConstant  shift 92
	Y_BoolConstant  shift 93
	Y_DoubleConstant  shift 94
	Y_StringConstant  shift 95
	'-'  shift 96
	'!'  shift 97
	'{'  shift 57
	'('  shift 98
	';'  reduce 91
	'}'  reduce 49

	identifier  goto 99
	stmtBlock  goto 100
	stmt  goto 144
	returnStmt  goto 104
	nexpr  goto 105
	printStmt  goto 106
	matched_stmt  goto 107
	open_stmt  goto 108
	other_stmt  goto 109
	breakStmt  goto 110
	matched_if  goto 111
	matched_while  goto 112
	matched_for  goto 113
	open_if  goto 114
	open_while  goto 115
	open_for  goto 116
	commonIf  goto 117
	expr  goto 118
	commonWhile  goto 119
	commonFor  goto 120
	common_matched_else  goto 121
	constant  goto 122
	lvalue  goto 123
	call  goto 124
	dot  goto 125


state 103
	stmts : stmt .  (52)

	.  reduce 52


state 104
	other_stmt : returnStmt .  (61)

	.  reduce 61


state 105
	other_stmt : nexpr . ';'  (60)

	';'  shift 145
	.  error


state 106
	other_stmt : printStmt .  (62)

	.  reduce 62


state 107
	stmt : matched_stmt .  (57)

	.  reduce 57


state 108
	stmt : open_stmt .  (58)

	.  reduce 58


state 109
	matched_stmt : other_stmt .  (64)

	.  reduce 64


state 110
	other_stmt : breakStmt . ';'  (59)

	';'  shift 146
	.  error


state 111
	matched_stmt : matched_if .  (65)

	.  reduce 65


state 112
	matched_stmt : matched_while .  (66)

	.  reduce 66


state 113
	matched_stmt : matched_for .  (67)

	.  reduce 67


state 114
	open_stmt : open_if .  (68)

	.  reduce 68


state 115
	open_stmt : open_while .  (69)

	.  reduce 69


state 116
	open_stmt : open_for .  (70)

	.  reduce 70


state 117
	common_matched_else : commonIf . matched_stmt Y_Else  (77)
	open_if : commonIf . stmt  (81)
	nexpr : .  (91)

	Y_Null  shift 80
	Y_This  shift 81
	Y_For  shift 82
	Y_While  shift 83
	Y_If  shift 84
	Y_Return  shift 85
	Y_Break  shift 86
	Y_New  shift 87
	Y_NewArray  shift 88
	Y_Print  shift 89
	Y_ReadInteger  shift 90
	Y_ReadLine  shift 91
	Y_Identifier  shift 22
	Y_IntConstant  shift 92
	Y_BoolConstant  shift 93
	Y_DoubleConstant  shift 94
	Y_StringConstant  shift 95
	'-'  shift 96
	'!'  shift 97
	'{'  shift 57
	'('  shift 98
	';'  reduce 91

	identifier  goto 99
	stmtBlock  goto 100
	stmt  goto 147
	returnStmt  goto 104
	nexpr  goto 105
	printStmt  goto 106
	matched_stmt  goto 148
	open_stmt  goto 108
	other_stmt  goto 109
	breakStmt  goto 110
	matched_if  goto 111
	matched_while  goto 112
	matched_for  goto 113
	open_if  goto 114
	open_while  goto 115
	open_for  goto 116
	commonIf  goto 117
	expr  goto 118
	commonWhile  goto 119
	commonFor  goto 120
	common_matched_else  goto 121
	constant  goto 122
	lvalue  goto 123
	call  goto 124
	dot  goto 125


state 118
	nexpr : expr .  (90)
	expr : expr . '+' $$11 expr  (99)
	expr : expr . '-' $$12 expr  (101)
	expr : expr . '*' $$13 expr  (103)
	expr : expr . '/' $$14 expr  (105)
	expr : expr . '%' $$15 expr  (107)
	expr : expr . '<' $$16 expr  (109)
	expr : expr . '>' $$17 expr  (111)
	expr : expr . Y_LessEqual $$18 expr  (113)
	expr : expr . Y_Equal $$19 expr  (115)
	expr : expr . Y_GreaterEqual $$20 expr  (117)
	expr : expr . Y_NotEqual $$21 expr  (119)
	expr : expr . Y_And $$22 expr  (121)
	expr : expr . Y_Or $$23 expr  (123)
	lvalue : expr . '[' expr ']'  (139)
	dot : expr . '.' identifier  (140)

	Y_LessEqual  shift 149
	Y_GreaterEqual  shift 150
	Y_Equal  shift 151
	Y_NotEqual  shift 152
	Y_And  shift 153
	Y_Or  shift 154
	'<'  shift 155
	'>'  shift 156
	'+'  shift 157
	'-'  shift 158
	'*'  shift 159
	'/'  shift 160
	'%'  shift 161
	'['  shift 162
	'.'  shift 163
	';'  reduce 90
	')'  reduce 90


state 119
	matched_while : commonWhile . matched_stmt  (79)
	open_while : commonWhile . open_stmt  (83)
	nexpr : .  (91)

	Y_Null  shift 80
	Y_This  shift 81
	Y_For  shift 82
	Y_While  shift 83
	Y_If  shift 84
	Y_Return  shift 85
	Y_Break  shift 86
	Y_New  shift 87
	Y_NewArray  shift 88
	Y_Print  shift 89
	Y_ReadInteger  shift 90
	Y_ReadLine  shift 91
	Y_Identifier  shift 22
	Y_IntConstant  shift 92
	Y_BoolConstant  shift 93
	Y_DoubleConstant  shift 94
	Y_StringConstant  shift 95
	'-'  shift 96
	'!'  shift 97
	'{'  shift 57
	'('  shift 98
	';'  reduce 91

	identifier  goto 99
	stmtBlock  goto 100
	returnStmt  goto 104
	nexpr  goto 105
	printStmt  goto 106
	matched_stmt  goto 164
	open_stmt  goto 165
	other_stmt  goto 109
	breakStmt  goto 110
	matched_if  goto 111
	matched_while  goto 112
	matched_for  goto 113
	open_if  goto 114
	open_while  goto 115
	open_for  goto 116
	commonIf  goto 117
	expr  goto 118
	commonWhile  goto 119
	commonFor  goto 120
	common_matched_else  goto 121
	constant  goto 122
	lvalue  goto 123
	call  goto 124
	dot  goto 125


state 120
	matched_for : commonFor . matched_stmt  (80)
	open_for : commonFor . open_stmt  (84)
	nexpr : .  (91)

	Y_Null  shift 80
	Y_This  shift 81
	Y_For  shift 82
	Y_While  shift 83
	Y_If  shift 84
	Y_Return  shift 85
	Y_Break  shift 86
	Y_New  shift 87
	Y_NewArray  shift 88
	Y_Print  shift 89
	Y_ReadInteger  shift 90
	Y_ReadLine  shift 91
	Y_Identifier  shift 22
	Y_IntConstant  shift 92
	Y_BoolConstant  shift 93
	Y_DoubleConstant  shift 94
	Y_StringConstant  shift 95
	'-'  shift 96
	'!'  shift 97
	'{'  shift 57
	'('  shift 98
	';'  reduce 91

	identifier  goto 99
	stmtBlock  goto 100
	returnStmt  goto 104
	nexpr  goto 105
	printStmt  goto 106
	matched_stmt  goto 166
	open_stmt  goto 167
	other_stmt  goto 109
	breakStmt  goto 110
	matched_if  goto 111
	matched_while  goto 112
	matched_for  goto 113
	open_if  goto 114
	open_while  goto 115
	open_for  goto 116
	commonIf  goto 117
	expr  goto 118
	commonWhile  goto 119
	commonFor  goto 120
	common_matched_else  goto 121
	constant  goto 122
	lvalue  goto 123
	call  goto 124
	dot  goto 125


state 121
	matched_if : common_matched_else . matched_stmt  (78)
	open_if : common_matched_else . open_stmt  (82)
	nexpr : .  (91)

	Y_Null  shift 80
	Y_This  shift 81
	Y_For  shift 82
	Y_While  shift 83
	Y_If  shift 84
	Y_Return  shift 85
	Y_Break  shift 86
	Y_New  shift 87
	Y_NewArray  shift 88
	Y_Print  shift 89
	Y_ReadInteger  shift 90
	Y_ReadLine  shift 91
	Y_Identifier  shift 22
	Y_IntConstant  shift 92
	Y_BoolConstant  shift 93
	Y_DoubleConstant  shift 94
	Y_StringConstant  shift 95
	'-'  shift 96
	'!'  shift 97
	'{'  shift 57
	'('  shift 98
	';'  reduce 91

	identifier  goto 99
	stmtBlock  goto 100
	returnStmt  goto 104
	nexpr  goto 105
	printStmt  goto 106
	matched_stmt  goto 168
	open_stmt  goto 169
	other_stmt  goto 109
	breakStmt  goto 110
	matched_if  goto 111
	matched_while  goto 112
	matched_for  goto 113
	open_if  goto 114
	open_while  goto 115
	open_for  goto 116
	commonIf  goto 117
	expr  goto 118
	commonWhile  goto 119
	commonFor  goto 120
	common_matched_else  goto 121
	constant  goto 122
	lvalue  goto 123
	call  goto 124
	dot  goto 125


state 122
	expr : constant .  (92)

	.  reduce 92


state 123
	expr : lvalue . '=' $$10 expr  (94)
	expr : lvalue .  (95)

	'='  shift 170
	Y_LessEqual  reduce 95
	Y_GreaterEqual  reduce 95
	Y_Equal  reduce 95
	Y_NotEqual  reduce 95
	Y_And  reduce 95
	Y_Or  reduce 95
	'<'  reduce 95
	'>'  reduce 95
	'+'  reduce 95
	'-'  reduce 95
	'*'  reduce 95
	'/'  reduce 95
	'%'  reduce 95
	'['  reduce 95
	'.'  reduce 95
	';'  reduce 95
	')'  reduce 95
	']'  reduce 95
	','  reduce 95


state 124
	expr : call .  (97)

	.  reduce 97


state 125
	lvalue : dot .  (138)
	call : dot . '(' actuals ')'  (141)

	'('  shift 171
	Y_LessEqual  reduce 138
	Y_GreaterEqual  reduce 138
	Y_Equal  reduce 138
	Y_NotEqual  reduce 138
	Y_And  reduce 138
	Y_Or  reduce 138
	'='  reduce 138
	'<'  reduce 138
	'>'  reduce 138
	'+'  reduce 138
	'-'  reduce 138
	'*'  reduce 138
	'/'  reduce 138
	'%'  reduce 138
	'['  reduce 138
	'.'  reduce 138
	';'  reduce 138
	')'  reduce 138
	']'  reduce 138
	','  reduce 138


state 126
	variableDecls : variableDecls variable . ';'  (18)

	';'  shift 172
	.  error


state 127
	identifiers : identifiers ',' identifier .  (43)

	.  reduce 43


state 128
	prototype : type identifier '(' formals ')' . ';'  (14)

	';'  shift 173
	.  error


state 129
	prototype : void identifier '(' formals ')' . ';'  (15)

	';'  shift 174
	.  error


state 130
	commonFor : Y_For $$9 . '(' nexpr ';' expr ';' nexpr ')'  (76)

	'('  shift 175
	.  error


state 131
	commonWhile : Y_While $$8 . '(' expr ')'  (74)

	'('  shift 176
	.  error


state 132
	commonIf : Y_If $$7 . '(' expr ')'  (72)

	'('  shift 177
	.  error


state 133
	returnStmt : Y_Return $$5 . nexpr ';'  (54)
	nexpr : .  (91)

	Y_Null  shift 80
	Y_This  shift 81
	Y_New  shift 87
	Y_NewArray  shift 88
	Y_ReadInteger  shift 90
	Y_ReadLine  shift 91
	Y_Identifier  shift 22
	Y_IntConstant  shift 92
	Y_BoolConstant  shift 93
	Y_DoubleConstant  shift 94
	Y_StringConstant  shift 95
	'-'  shift 96
	'!'  shift 97
	'('  shift 98
	';'  reduce 91

	identifier  goto 99
	nexpr  goto 178
	expr  goto 118
	constant  goto 122
	lvalue  goto 123
	call  goto 124
	dot  goto 125


state 134
	expr : Y_New $$28 . '(' identifier ')'  (134)

	'('  shift 179
	.  error


state 135
	expr : Y_NewArray $$29 . '(' expr ',' type ')'  (136)

	'('  shift 180
	.  error


state 136
	printStmt : Y_Print $$6 . '(' exprs ')' ';'  (56)

	'('  shift 181
	.  error


state 137
	expr : Y_ReadInteger $$26 . '(' ')'  (130)

	'('  shift 182
	.  error


state 138
	expr : Y_ReadLine $$27 . '(' ')'  (132)

	'('  shift 183
	.  error


state 139
	expr : '-' $$24 . expr  (126)

	Y_Null  shift 80
	Y_This  shift 81
	Y_New  shift 87
	Y_NewArray  shift 88
	Y_ReadInteger  shift 90
	Y_ReadLine  shift 91
	Y_Identifier  shift 22
	Y_IntConstant  shift 92
	Y_BoolConstant  shift 93
	Y_DoubleConstant  shift 94
	Y_StringConstant  shift 95
	'-'  shift 96
	'!'  shift 97
	'('  shift 98
	.  error

	identifier  goto 99
	expr  goto 184
	constant  goto 122
	lvalue  goto 123
	call  goto 124
	dot  goto 125


state 140
	expr : '!' $$25 . expr  (128)

	Y_Null  shift 80
	Y_This  shift 81
	Y_New  shift 87
	Y_NewArray  shift 88
	Y_ReadInteger  shift 90
	Y_ReadLine  shift 91
	Y_Identifier  shift 22
	Y_IntConstant  shift 92
	Y_BoolConstant  shift 93
	Y_DoubleConstant  shift 94
	Y_StringConstant  shift 95
	'-'  shift 96
	'!'  shift 97
	'('  shift 98
	.  error

	identifier  goto 99
	expr  goto 185
	constant  goto 122
	lvalue  goto 123
	call  goto 124
	dot  goto 125


state 141
	expr : expr . '+' $$11 expr  (99)
	expr : expr . '-' $$12 expr  (101)
	expr : expr . '*' $$13 expr  (103)
	expr : expr . '/' $$14 expr  (105)
	expr : expr . '%' $$15 expr  (107)
	expr : expr . '<' $$16 expr  (109)
	expr : expr . '>' $$17 expr  (111)
	expr : expr . Y_LessEqual $$18 expr  (113)
	expr : expr . Y_Equal $$19 expr  (115)
	expr : expr . Y_GreaterEqual $$20 expr  (117)
	expr : expr . Y_NotEqual $$21 expr  (119)
	expr : expr . Y_And $$22 expr  (121)
	expr : expr . Y_Or $$23 expr  (123)
	expr : '(' expr . ')'  (124)
	lvalue : expr . '[' expr ']'  (139)
	dot : expr . '.' identifier  (140)

	Y_LessEqual  shift 149
	Y_GreaterEqual  shift 150
	Y_Equal  shift 151
	Y_NotEqual  shift 152
	Y_And  shift 153
	Y_Or  shift 154
	'<'  shift 155
	'>'  shift 156
	'+'  shift 157
	'-'  shift 158
	'*'  shift 159
	'/'  shift 160
	'%'  shift 161
	'['  shift 162
	'.'  shift 163
	')'  shift 186
	.  error


state 142
	call : identifier '(' . actuals ')'  (142)
	actuals : .  (144)

	Y_Null  shift 80
	Y_This  shift 81
	Y_New  shift 87
	Y_NewArray  shift 88
	Y_ReadInteger  shift 90
	Y_ReadLine  shift 91
	Y_Identifier  shift 22
	Y_IntConstant  shift 92
	Y_BoolConstant  shift 93
	Y_DoubleConstant  shift 94
	Y_StringConstant  shift 95
	'-'  shift 96
	'!'  shift 97
	'('  shift 98
	')'  reduce 144

	identifier  goto 99
	exprs  goto 187
	expr  goto 188
	constant  goto 122
	lvalue  goto 123
	call  goto 124
	dot  goto 125
	actuals  goto 189


state 143
	stmtBlock : '{' nvariableDecls nstmts '}' .  (48)

	.  reduce 48


state 144
	stmts : stmts stmt .  (51)

	.  reduce 51


state 145
	other_stmt : nexpr ';' .  (60)

	.  reduce 60


state 146
	other_stmt : breakStmt ';' .  (59)

	.  reduce 59


state 147
	open_if : commonIf stmt .  (81)

	.  reduce 81


state 148
	stmt : matched_stmt .  (57)
	common_matched_else : commonIf matched_stmt . Y_Else  (77)

	Y_Else  shift 190
	Y_Null  reduce 57
	Y_This  reduce 57
	Y_For  reduce 57
	Y_While  reduce 57
	Y_If  reduce 57
	Y_Return  reduce 57
	Y_Break  reduce 57
	Y_New  reduce 57
	Y_NewArray  reduce 57
	Y_Print  reduce 57
	Y_ReadInteger  reduce 57
	Y_ReadLine  reduce 57
	Y_Identifier  reduce 57
	Y_IntConstant  reduce 57
	Y_BoolConstant  reduce 57
	Y_DoubleConstant  reduce 57
	Y_StringConstant  reduce 57
	'-'  reduce 57
	'!'  reduce 57
	';'  reduce 57
	'{'  reduce 57
	'}'  reduce 57
	'('  reduce 57


state 149
	expr : expr Y_LessEqual . $$18 expr  (113)
	$$18 : .  (112)

	.  reduce 112

	$$18  goto 191


state 150
	expr : expr Y_GreaterEqual . $$20 expr  (117)
	$$20 : .  (116)

	.  reduce 116

	$$20  goto 192


state 151
	expr : expr Y_Equal . $$19 expr  (115)
	$$19 : .  (114)

	.  reduce 114

	$$19  goto 193


state 152
	expr : expr Y_NotEqual . $$21 expr  (119)
	$$21 : .  (118)

	.  reduce 118

	$$21  goto 194


state 153
	expr : expr Y_And . $$22 expr  (121)
	$$22 : .  (120)

	.  reduce 120

	$$22  goto 195


state 154
	expr : expr Y_Or . $$23 expr  (123)
	$$23 : .  (122)

	.  reduce 122

	$$23  goto 196


state 155
	expr : expr '<' . $$16 expr  (109)
	$$16 : .  (108)

	.  reduce 108

	$$16  goto 197


state 156
	expr : expr '>' . $$17 expr  (111)
	$$17 : .  (110)

	.  reduce 110

	$$17  goto 198


state 157
	expr : expr '+' . $$11 expr  (99)
	$$11 : .  (98)

	.  reduce 98

	$$11  goto 199


state 158
	expr : expr '-' . $$12 expr  (101)
	$$12 : .  (100)

	.  reduce 100

	$$12  goto 200


state 159
	expr : expr '*' . $$13 expr  (103)
	$$13 : .  (102)

	.  reduce 102

	$$13  goto 201


state 160
	expr : expr '/' . $$14 expr  (105)
	$$14 : .  (104)

	.  reduce 104

	$$14  goto 202


state 161
	expr : expr '%' . $$15 expr  (107)
	$$15 : .  (106)

	.  reduce 106

	$$15  goto 203


state 162
	lvalue : expr '[' . expr ']'  (139)

	Y_Null  shift 80
	Y_This  shift 81
	Y_New  shift 87
	Y_NewArray  shift 88
	Y_ReadInteger  shift 90
	Y_ReadLine  shift 91
	Y_Identifier  shift 22
	Y_IntConstant  shift 92
	Y_BoolConstant  shift 93
	Y_DoubleConstant  shift 94
	Y_StringConstant  shift 95
	'-'  shift 96
	'!'  shift 97
	'('  shift 98
	.  error

	identifier  goto 99
	expr  goto 204
	constant  goto 122
	lvalue  goto 123
	call  goto 124
	dot  goto 125


state 163
	dot : expr '.' . identifier  (140)

	Y_Identifier  shift 22
	.  error

	identifier  goto 205


state 164
	matched_while : commonWhile matched_stmt .  (79)

	.  reduce 79


state 165
	open_while : commonWhile open_stmt .  (83)

	.  reduce 83


state 166
	matched_for : commonFor matched_stmt .  (80)

	.  reduce 80


state 167
	open_for : commonFor open_stmt .  (84)

	.  reduce 84


state 168
	matched_if : common_matched_else matched_stmt .  (78)

	.  reduce 78


state 169
	open_if : common_matched_else open_stmt .  (82)

	.  reduce 82


state 170
	expr : lvalue '=' . $$10 expr  (94)
	$$10 : .  (93)

	.  reduce 93

	$$10  goto 206


state 171
	call : dot '(' . actuals ')'  (141)
	actuals : .  (144)

	Y_Null  shift 80
	Y_This  shift 81
	Y_New  shift 87
	Y_NewArray  shift 88
	Y_ReadInteger  shift 90
	Y_ReadLine  shift 91
	Y_Identifier  shift 22
	Y_IntConstant  shift 92
	Y_BoolConstant  shift 93
	Y_DoubleConstant  shift 94
	Y_StringConstant  shift 95
	'-'  shift 96
	'!'  shift 97
	'('  shift 98
	')'  reduce 144

	identifier  goto 99
	exprs  goto 187
	expr  goto 188
	constant  goto 122
	lvalue  goto 123
	call  goto 124
	dot  goto 125
	actuals  goto 207


state 172
	variableDecls : variableDecls variable ';' .  (18)

	.  reduce 18


state 173
	prototype : type identifier '(' formals ')' ';' .  (14)

	.  reduce 14


state 174
	prototype : void identifier '(' formals ')' ';' .  (15)

	.  reduce 15


state 175
	commonFor : Y_For $$9 '(' . nexpr ';' expr ';' nexpr ')'  (76)
	nexpr : .  (91)

	Y_Null  shift 80
	Y_This  shift 81
	Y_New  shift 87
	Y_NewArray  shift 88
	Y_ReadInteger  shift 90
	Y_ReadLine  shift 91
	Y_Identifier  shift 22
	Y_IntConstant  shift 92
	Y_BoolConstant  shift 93
	Y_DoubleConstant  shift 94
	Y_StringConstant  shift 95
	'-'  shift 96
	'!'  shift 97
	'('  shift 98
	';'  reduce 91

	identifier  goto 99
	nexpr  goto 208
	expr  goto 118
	constant  goto 122
	lvalue  goto 123
	call  goto 124
	dot  goto 125


state 176
	commonWhile : Y_While $$8 '(' . expr ')'  (74)

	Y_Null  shift 80
	Y_This  shift 81
	Y_New  shift 87
	Y_NewArray  shift 88
	Y_ReadInteger  shift 90
	Y_ReadLine  shift 91
	Y_Identifier  shift 22
	Y_IntConstant  shift 92
	Y_BoolConstant  shift 93
	Y_DoubleConstant  shift 94
	Y_StringConstant  shift 95
	'-'  shift 96
	'!'  shift 97
	'('  shift 98
	.  error

	identifier  goto 99
	expr  goto 209
	constant  goto 122
	lvalue  goto 123
	call  goto 124
	dot  goto 125


state 177
	commonIf : Y_If $$7 '(' . expr ')'  (72)

	Y_Null  shift 80
	Y_This  shift 81
	Y_New  shift 87
	Y_NewArray  shift 88
	Y_ReadInteger  shift 90
	Y_ReadLine  shift 91
	Y_Identifier  shift 22
	Y_IntConstant  shift 92
	Y_BoolConstant  shift 93
	Y_DoubleConstant  shift 94
	Y_StringConstant  shift 95
	'-'  shift 96
	'!'  shift 97
	'('  shift 98
	.  error

	identifier  goto 99
	expr  goto 210
	constant  goto 122
	lvalue  goto 123
	call  goto 124
	dot  goto 125


state 178
	returnStmt : Y_Return $$5 nexpr . ';'  (54)

	';'  shift 211
	.  error


state 179
	expr : Y_New $$28 '(' . identifier ')'  (134)

	Y_Identifier  shift 22
	.  error

	identifier  goto 212


state 180
	expr : Y_NewArray $$29 '(' . expr ',' type ')'  (136)

	Y_Null  shift 80
	Y_This  shift 81
	Y_New  shift 87
	Y_NewArray  shift 88
	Y_ReadInteger  shift 90
	Y_ReadLine  shift 91
	Y_Identifier  shift 22
	Y_IntConstant  shift 92
	Y_BoolConstant  shift 93
	Y_DoubleConstant  shift 94
	Y_StringConstant  shift 95
	'-'  shift 96
	'!'  shift 97
	'('  shift 98
	.  error

	identifier  goto 99
	expr  goto 213
	constant  goto 122
	lvalue  goto 123
	call  goto 124
	dot  goto 125


state 181
	printStmt : Y_Print $$6 '(' . exprs ')' ';'  (56)

	Y_Null  shift 80
	Y_This  shift 81
	Y_New  shift 87
	Y_NewArray  shift 88
	Y_ReadInteger  shift 90
	Y_ReadLine  shift 91
	Y_Identifier  shift 22
	Y_IntConstant  shift 92
	Y_BoolConstant  shift 93
	Y_DoubleConstant  shift 94
	Y_StringConstant  shift 95
	'-'  shift 96
	'!'  shift 97
	'('  shift 98
	.  error

	identifier  goto 99
	exprs  goto 214
	expr  goto 188
	constant  goto 122
	lvalue  goto 123
	call  goto 124
	dot  goto 125


state 182
	expr : Y_ReadInteger $$26 '(' . ')'  (130)

	')'  shift 215
	.  error


state 183
	expr : Y_ReadLine $$27 '(' . ')'  (132)

	')'  shift 216
	.  error


state 184
	expr : expr . '+' $$11 expr  (99)
	expr : expr . '-' $$12 expr  (101)
	expr : expr . '*' $$13 expr  (103)
	expr : expr . '/' $$14 expr  (105)
	expr : expr . '%' $$15 expr  (107)
	expr : expr . '<' $$16 expr  (109)
	expr : expr . '>' $$17 expr  (111)
	expr : expr . Y_LessEqual $$18 expr  (113)
	expr : expr . Y_Equal $$19 expr  (115)
	expr : expr . Y_GreaterEqual $$20 expr  (117)
	expr : expr . Y_NotEqual $$21 expr  (119)
	expr : expr . Y_And $$22 expr  (121)
	expr : expr . Y_Or $$23 expr  (123)
	expr : '-' $$24 expr .  (126)
	lvalue : expr . '[' expr ']'  (139)
	dot : expr . '.' identifier  (140)

	'*'  shift 159
	'/'  shift 160
	'%'  shift 161
	'['  shift 162
	'.'  shift 163
	Y_LessEqual  reduce 126
	Y_GreaterEqual  reduce 126
	Y_Equal  reduce 126
	Y_NotEqual  reduce 126
	Y_And  reduce 126
	Y_Or  reduce 126
	'<'  reduce 126
	'>'  reduce 126
	'+'  reduce 126
	'-'  reduce 126
	';'  reduce 126
	')'  reduce 126
	']'  reduce 126
	','  reduce 126


state 185
	expr : expr . '+' $$11 expr  (99)
	expr : expr . '-' $$12 expr  (101)
	expr : expr . '*' $$13 expr  (103)
	expr : expr . '/' $$14 expr  (105)
	expr : expr . '%' $$15 expr  (107)
	expr : expr . '<' $$16 expr  (109)
	expr : expr . '>' $$17 expr  (111)
	expr : expr . Y_LessEqual $$18 expr  (113)
	expr : expr . Y_Equal $$19 expr  (115)
	expr : expr . Y_GreaterEqual $$20 expr  (117)
	expr : expr . Y_NotEqual $$21 expr  (119)
	expr : expr . Y_And $$22 expr  (121)
	expr : expr . Y_Or $$23 expr  (123)
	expr : '!' $$25 expr .  (128)
	lvalue : expr . '[' expr ']'  (139)
	dot : expr . '.' identifier  (140)

	'['  shift 162
	'.'  shift 163
	Y_LessEqual  reduce 128
	Y_GreaterEqual  reduce 128
	Y_Equal  reduce 128
	Y_NotEqual  reduce 128
	Y_And  reduce 128
	Y_Or  reduce 128
	'<'  reduce 128
	'>'  reduce 128
	'+'  reduce 128
	'-'  reduce 128
	'*'  reduce 128
	'/'  reduce 128
	'%'  reduce 128
	';'  reduce 128
	')'  reduce 128
	']'  reduce 128
	','  reduce 128


state 186
	expr : '(' expr ')' .  (124)

	.  reduce 124


state 187
	actuals : exprs .  (143)
	exprs : exprs . ',' expr  (145)

	','  shift 217
	')'  reduce 143


state 188
	expr : expr . '+' $$11 expr  (99)
	expr : expr . '-' $$12 expr  (101)
	expr : expr . '*' $$13 expr  (103)
	expr : expr . '/' $$14 expr  (105)
	expr : expr . '%' $$15 expr  (107)
	expr : expr . '<' $$16 expr  (109)
	expr : expr . '>' $$17 expr  (111)
	expr : expr . Y_LessEqual $$18 expr  (113)
	expr : expr . Y_Equal $$19 expr  (115)
	expr : expr . Y_GreaterEqual $$20 expr  (117)
	expr : expr . Y_NotEqual $$21 expr  (119)
	expr : expr . Y_And $$22 expr  (121)
	expr : expr . Y_Or $$23 expr  (123)
	lvalue : expr . '[' expr ']'  (139)
	dot : expr . '.' identifier  (140)
	exprs : expr .  (146)

	Y_LessEqual  shift 149
	Y_GreaterEqual  shift 150
	Y_Equal  shift 151
	Y_NotEqual  shift 152
	Y_And  shift 153
	Y_Or  shift 154
	'<'  shift 155
	'>'  shift 156
	'+'  shift 157
	'-'  shift 158
	'*'  shift 159
	'/'  shift 160
	'%'  shift 161
	'['  shift 162
	'.'  shift 163
	')'  reduce 146
	','  reduce 146


state 189
	call : identifier '(' actuals . ')'  (142)

	')'  shift 218
	.  error


state 190
	common_matched_else : commonIf matched_stmt Y_Else .  (77)

	.  reduce 77


state 191
	expr : expr Y_LessEqual $$18 . expr  (113)

	Y_Null  shift 80
	Y_This  shift 81
	Y_New  shift 87
	Y_NewArray  shift 88
	Y_ReadInteger  shift 90
	Y_ReadLine  shift 91
	Y_Identifier  shift 22
	Y_IntConstant  shift 92
	Y_BoolConstant  shift 93
	Y_DoubleConstant  shift 94
	Y_StringConstant  shift 95
	'-'  shift 96
	'!'  shift 97
	'('  shift 98
	.  error

	identifier  goto 99
	expr  goto 219
	constant  goto 122
	lvalue  goto 123
	call  goto 124
	dot  goto 125


state 192
	expr : expr Y_GreaterEqual $$20 . expr  (117)

	Y_Null  shift 80
	Y_This  shift 81
	Y_New  shift 87
	Y_NewArray  shift 88
	Y_ReadInteger  shift 90
	Y_ReadLine  shift 91
	Y_Identifier  shift 22
	Y_IntConstant  shift 92
	Y_BoolConstant  shift 93
	Y_DoubleConstant  shift 94
	Y_StringConstant  shift 95
	'-'  shift 96
	'!'  shift 97
	'('  shift 98
	.  error

	identifier  goto 99
	expr  goto 220
	constant  goto 122
	lvalue  goto 123
	call  goto 124
	dot  goto 125


state 193
	expr : expr Y_Equal $$19 . expr  (115)

	Y_Null  shift 80
	Y_This  shift 81
	Y_New  shift 87
	Y_NewArray  shift 88
	Y_ReadInteger  shift 90
	Y_ReadLine  shift 91
	Y_Identifier  shift 22
	Y_IntConstant  shift 92
	Y_BoolConstant  shift 93
	Y_DoubleConstant  shift 94
	Y_StringConstant  shift 95
	'-'  shift 96
	'!'  shift 97
	'('  shift 98
	.  error

	identifier  goto 99
	expr  goto 221
	constant  goto 122
	lvalue  goto 123
	call  goto 124
	dot  goto 125


state 194
	expr : expr Y_NotEqual $$21 . expr  (119)

	Y_Null  shift 80
	Y_This  shift 81
	Y_New  shift 87
	Y_NewArray  shift 88
	Y_ReadInteger  shift 90
	Y_ReadLine  shift 91
	Y_Identifier  shift 22
	Y_IntConstant  shift 92
	Y_BoolConstant  shift 93
	Y_DoubleConstant  shift 94
	Y_StringConstant  shift 95
	'-'  shift 96
	'!'  shift 97
	'('  shift 98
	.  error

	identifier  goto 99
	expr  goto 222
	constant  goto 122
	lvalue  goto 123
	call  goto 124
	dot  goto 125


state 195
	expr : expr Y_And $$22 . expr  (121)

	Y_Null  shift 80
	Y_This  shift 81
	Y_New  shift 87
	Y_NewArray  shift 88
	Y_ReadInteger  shift 90
	Y_ReadLine  shift 91
	Y_Identifier  shift 22
	Y_IntConstant  shift 92
	Y_BoolConstant  shift 93
	Y_DoubleConstant  shift 94
	Y_StringConstant  shift 95
	'-'  shift 96
	'!'  shift 97
	'('  shift 98
	.  error

	identifier  goto 99
	expr  goto 223
	constant  goto 122
	lvalue  goto 123
	call  goto 124
	dot  goto 125


state 196
	expr : expr Y_Or $$23 . expr  (123)

	Y_Null  shift 80
	Y_This  shift 81
	Y_New  shift 87
	Y_NewArray  shift 88
	Y_ReadInteger  shift 90
	Y_ReadLine  shift 91
	Y_Identifier  shift 22
	Y_IntConstant  shift 92
	Y_BoolConstant  shift 93
	Y_DoubleConstant  shift 94
	Y_StringConstant  shift 95
	'-'  shift 96
	'!'  shift 97
	'('  shift 98
	.  error

	identifier  goto 99
	expr  goto 224
	constant  goto 122
	lvalue  goto 123
	call  goto 124
	dot  goto 125


state 197
	expr : expr '<' $$16 . expr  (109)

	Y_Null  shift 80
	Y_This  shift 81
	Y_New  shift 87
	Y_NewArray  shift 88
	Y_ReadInteger  shift 90
	Y_ReadLine  shift 91
	Y_Identifier  shift 22
	Y_IntConstant  shift 92
	Y_BoolConstant  shift 93
	Y_DoubleConstant  shift 94
	Y_StringConstant  shift 95
	'-'  shift 96
	'!'  shift 97
	'('  shift 98
	.  error

	identifier  goto 99
	expr  goto 225
	constant  goto 122
	lvalue  goto 123
	call  goto 124
	dot  goto 125


state 198
	expr : expr '>' $$17 . expr  (111)

	Y_Null  shift 80
	Y_This  shift 81
	Y_New  shift 87
	Y_NewArray  shift 88
	Y_ReadInteger  shift 90
	Y_ReadLine  shift 91
	Y_Identifier  shift 22
	Y_IntConstant  shift 92
	Y_BoolConstant  shift 93
	Y_DoubleConstant  shift 94
	Y_StringConstant  shift 95
	'-'  shift 96
	'!'  shift 97
	'('  shift 98
	.  error

	identifier  goto 99
	expr  goto 226
	constant  goto 122
	lvalue  goto 123
	call  goto 124
	dot  goto 125


state 199
	expr : expr '+' $$11 . expr  (99)

	Y_Null  shift 80
	Y_This  shift 81
	Y_New  shift 87
	Y_NewArray  shift 88
	Y_ReadInteger  shift 90
	Y_ReadLine  shift 91
	Y_Identifier  shift 22
	Y_IntConstant  shift 92
	Y_BoolConstant  shift 93
	Y_DoubleConstant  shift 94
	Y_StringConstant  shift 95
	'-'  shift 96
	'!'  shift 97
	'('  shift 98
	.  error

	identifier  goto 99
	expr  goto 227
	constant  goto 122
	lvalue  goto 123
	call  goto 124
	dot  goto 125


state 200
	expr : expr '-' $$12 . expr  (101)

	Y_Null  shift 80
	Y_This  shift 81
	Y_New  shift 87
	Y_NewArray  shift 88
	Y_ReadInteger  shift 90
	Y_ReadLine  shift 91
	Y_Identifier  shift 22
	Y_IntConstant  shift 92
	Y_BoolConstant  shift 93
	Y_DoubleConstant  shift 94
	Y_StringConstant  shift 95
	'-'  shift 96
	'!'  shift 97
	'('  shift 98
	.  error

	identifier  goto 99
	expr  goto 228
	constant  goto 122
	lvalue  goto 123
	call  goto 124
	dot  goto 125


state 201
	expr : expr '*' $$13 . expr  (103)

	Y_Null  shift 80
	Y_This  shift 81
	Y_New  shift 87
	Y_NewArray  shift 88
	Y_ReadInteger  shift 90
	Y_ReadLine  shift 91
	Y_Identifier  shift 22
	Y_IntConstant  shift 92
	Y_BoolConstant  shift 93
	Y_DoubleConstant  shift 94
	Y_StringConstant  shift 95
	'-'  shift 96
	'!'  shift 97
	'('  shift 98
	.  error

	identifier  goto 99
	expr  goto 229
	constant  goto 122
	lvalue  goto 123
	call  goto 124
	dot  goto 125


state 202
	expr : expr '/' $$14 . expr  (105)

	Y_Null  shift 80
	Y_This  shift 81
	Y_New  shift 87
	Y_NewArray  shift 88
	Y_ReadInteger  shift 90
	Y_ReadLine  shift 91
	Y_Identifier  shift 22
	Y_IntConstant  shift 92
	Y_BoolConstant  shift 93
	Y_DoubleConstant  shift 94
	Y_StringConstant  shift 95
	'-'  shift 96
	'!'  shift 97
	'('  shift 98
	.  error

	identifier  goto 99
	expr  goto 230
	constant  goto 122
	lvalue  goto 123
	call  goto 124
	dot  goto 125


state 203
	expr : expr '%' $$15 . expr  (107)

	Y_Null  shift 80
	Y_This  shift 81
	Y_New  shift 87
	Y_NewArray  shift 88
	Y_ReadInteger  shift 90
	Y_ReadLine  shift 91
	Y_Identifier  shift 22
	Y_IntConstant  shift 92
	Y_BoolConstant  shift 93
	Y_DoubleConstant  shift 94
	Y_StringConstant  shift 95
	'-'  shift 96
	'!'  shift 97
	'('  shift 98
	.  error

	identifier  goto 99
	expr  goto 231
	constant  goto 122
	lvalue  goto 123
	call  goto 124
	dot  goto 125


state 204
	expr : expr . '+' $$11 expr  (99)
	expr : expr . '-' $$12 expr  (101)
	expr : expr . '*' $$13 expr  (103)
	expr : expr . '/' $$14 expr  (105)
	expr : expr . '%' $$15 expr  (107)
	expr : expr . '<' $$16 expr  (109)
	expr : expr . '>' $$17 expr  (111)
	expr : expr . Y_LessEqual $$18 expr  (113)
	expr : expr . Y_Equal $$19 expr  (115)
	expr : expr . Y_GreaterEqual $$20 expr  (117)
	expr : expr . Y_NotEqual $$21 expr  (119)
	expr : expr . Y_And $$22 expr  (121)
	expr : expr . Y_Or $$23 expr  (123)
	lvalue : expr . '[' expr ']'  (139)
	lvalue : expr '[' expr . ']'  (139)
	dot : expr . '.' identifier  (140)

	Y_LessEqual  shift 149
	Y_GreaterEqual  shift 150
	Y_Equal  shift 151
	Y_NotEqual  shift 152
	Y_And  shift 153
	Y_Or  shift 154
	'<'  shift 155
	'>'  shift 156
	'+'  shift 157
	'-'  shift 158
	'*'  shift 159
	'/'  shift 160
	'%'  shift 161
	'['  shift 162
	'.'  shift 163
	']'  shift 232
	.  error


state 205
	dot : expr '.' identifier .  (140)

	.  reduce 140


state 206
	expr : lvalue '=' $$10 . expr  (94)

	Y_Null  shift 80
	Y_This  shift 81
	Y_New  shift 87
	Y_NewArray  shift 88
	Y_ReadInteger  shift 90
	Y_ReadLine  shift 91
	Y_Identifier  shift 22
	Y_IntConstant  shift 92
	Y_BoolConstant  shift 93
	Y_DoubleConstant  shift 94
	Y_StringConstant  shift 95
	'-'  shift 96
	'!'  shift 97
	'('  shift 98
	.  error

	identifier  goto 99
	expr  goto 233
	constant  goto 122
	lvalue  goto 123
	call  goto 124
	dot  goto 125


state 207
	call : dot '(' actuals . ')'  (141)

	')'  shift 234
	.  error


state 208
	commonFor : Y_For $$9 '(' nexpr . ';' expr ';' nexpr ')'  (76)

	';'  shift 235
	.  error


state 209
	commonWhile : Y_While $$8 '(' expr . ')'  (74)
	expr : expr . '+' $$11 expr  (99)
	expr : expr . '-' $$12 expr  (101)
	expr : expr . '*' $$13 expr  (103)
	expr : expr . '/' $$14 expr  (105)
	expr : expr . '%' $$15 expr  (107)
	expr : expr . '<' $$16 expr  (109)
	expr : expr . '>' $$17 expr  (111)
	expr : expr . Y_LessEqual $$18 expr  (113)
	expr : expr . Y_Equal $$19 expr  (115)
	expr : expr . Y_GreaterEqual $$20 expr  (117)
	expr : expr . Y_NotEqual $$21 expr  (119)
	expr : expr . Y_And $$22 expr  (121)
	expr : expr . Y_Or $$23 expr  (123)
	lvalue : expr . '[' expr ']'  (139)
	dot : expr . '.' identifier  (140)

	Y_LessEqual  shift 149
	Y_GreaterEqual  shift 150
	Y_Equal  shift 151
	Y_NotEqual  shift 152
	Y_And  shift 153
	Y_Or  shift 154
	'<'  shift 155
	'>'  shift 156
	'+'  shift 157
	'-'  shift 158
	'*'  shift 159
	'/'  shift 160
	'%'  shift 161
	'['  shift 162
	'.'  shift 163
	')'  shift 236
	.  error


state 210
	commonIf : Y_If $$7 '(' expr . ')'  (72)
	expr : expr . '+' $$11 expr  (99)
	expr : expr . '-' $$12 expr  (101)
	expr : expr . '*' $$13 expr  (103)
	expr : expr . '/' $$14 expr  (105)
	expr : expr . '%' $$15 expr  (107)
	expr : expr . '<' $$16 expr  (109)
	expr : expr . '>' $$17 expr  (111)
	expr : expr . Y_LessEqual $$18 expr  (113)
	expr : expr . Y_Equal $$19 expr  (115)
	expr : expr . Y_GreaterEqual $$20 expr  (117)
	expr : expr . Y_NotEqual $$21 expr  (119)
	expr : expr . Y_And $$22 expr  (121)
	expr : expr . Y_Or $$23 expr  (123)
	lvalue : expr . '[' expr ']'  (139)
	dot : expr . '.' identifier  (140)

	Y_LessEqual  shift 149
	Y_GreaterEqual  shift 150
	Y_Equal  shift 151
	Y_NotEqual  shift 152
	Y_And  shift 153
	Y_Or  shift 154
	'<'  shift 155
	'>'  shift 156
	'+'  shift 157
	'-'  shift 158
	'*'  shift 159
	'/'  shift 160
	'%'  shift 161
	'['  shift 162
	'.'  shift 163
	')'  shift 237
	.  error


state 211
	returnStmt : Y_Return $$5 nexpr ';' .  (54)

	.  reduce 54


state 212
	expr : Y_New $$28 '(' identifier . ')'  (134)

	')'  shift 238
	.  error


state 213
	expr : expr . '+' $$11 expr  (99)
	expr : expr . '-' $$12 expr  (101)
	expr : expr . '*' $$13 expr  (103)
	expr : expr . '/' $$14 expr  (105)
	expr : expr . '%' $$15 expr  (107)
	expr : expr . '<' $$16 expr  (109)
	expr : expr . '>' $$17 expr  (111)
	expr : expr . Y_LessEqual $$18 expr  (113)
	expr : expr . Y_Equal $$19 expr  (115)
	expr : expr . Y_GreaterEqual $$20 expr  (117)
	expr : expr . Y_NotEqual $$21 expr  (119)
	expr : expr . Y_And $$22 expr  (121)
	expr : expr . Y_Or $$23 expr  (123)
	expr : Y_NewArray $$29 '(' expr . ',' type ')'  (136)
	lvalue : expr . '[' expr ']'  (139)
	dot : expr . '.' identifier  (140)

	Y_LessEqual  shift 149
	Y_GreaterEqual  shift 150
	Y_Equal  shift 151
	Y_NotEqual  shift 152
	Y_And  shift 153
	Y_Or  shift 154
	'<'  shift 155
	'>'  shift 156
	'+'  shift 157
	'-'  shift 158
	'*'  shift 159
	'/'  shift 160
	'%'  shift 161
	'['  shift 162
	'.'  shift 163
	','  shift 239
	.  error


state 214
	printStmt : Y_Print $$6 '(' exprs . ')' ';'  (56)
	exprs : exprs . ',' expr  (145)

	')'  shift 240
	','  shift 217
	.  error


state 215
	expr : Y_ReadInteger $$26 '(' ')' .  (130)

	.  reduce 130


state 216
	expr : Y_ReadLine $$27 '(' ')' .  (132)

	.  reduce 132


state 217
	exprs : exprs ',' . expr  (145)

	Y_Null  shift 80
	Y_This  shift 81
	Y_New  shift 87
	Y_NewArray  shift 88
	Y_ReadInteger  shift 90
	Y_ReadLine  shift 91
	Y_Identifier  shift 22
	Y_IntConstant  shift 92
	Y_BoolConstant  shift 93
	Y_DoubleConstant  shift 94
	Y_StringConstant  shift 95
	'-'  shift 96
	'!'  shift 97
	'('  shift 98
	.  error

	identifier  goto 99
	expr  goto 241
	constant  goto 122
	lvalue  goto 123
	call  goto 124
	dot  goto 125


state 218
	call : identifier '(' actuals ')' .  (142)

	.  reduce 142


state 219
	expr : expr . '+' $$11 expr  (99)
	expr : expr . '-' $$12 expr  (101)
	expr : expr . '*' $$13 expr  (103)
	expr : expr . '/' $$14 expr  (105)
	expr : expr . '%' $$15 expr  (107)
	expr : expr . '<' $$16 expr  (109)
	expr : expr . '>' $$17 expr  (111)
	expr : expr . Y_LessEqual $$18 expr  (113)
	expr : expr Y_LessEqual $$18 expr .  (113)
	expr : expr . Y_Equal $$19 expr  (115)
	expr : expr . Y_GreaterEqual $$20 expr  (117)
	expr : expr . Y_NotEqual $$21 expr  (119)
	expr : expr . Y_And $$22 expr  (121)
	expr : expr . Y_Or $$23 expr  (123)
	lvalue : expr . '[' expr ']'  (139)
	dot : expr . '.' identifier  (140)

	'+'  shift 157
	'-'  shift 158
	'*'  shift 159
	'/'  shift 160
	'%'  shift 161
	'['  shift 162
	'.'  shift 163
	Y_Equal  reduce 113
	Y_NotEqual  reduce 113
	Y_And  reduce 113
	Y_Or  reduce 113
	';'  reduce 113
	')'  reduce 113
	']'  reduce 113
	','  reduce 113


state 220
	expr : expr . '+' $$11 expr  (99)
	expr : expr . '-' $$12 expr  (101)
	expr : expr . '*' $$13 expr  (103)
	expr : expr . '/' $$14 expr  (105)
	expr : expr . '%' $$15 expr  (107)
	expr : expr . '<' $$16 expr  (109)
	expr : expr . '>' $$17 expr  (111)
	expr : expr . Y_LessEqual $$18 expr  (113)
	expr : expr . Y_Equal $$19 expr  (115)
	expr : expr . Y_GreaterEqual $$20 expr  (117)
	expr : expr Y_GreaterEqual $$20 expr .  (117)
	expr : expr . Y_NotEqual $$21 expr  (119)
	expr : expr . Y_And $$22 expr  (121)
	expr : expr . Y_Or $$23 expr  (123)
	lvalue : expr . '[' expr ']'  (139)
	dot : expr . '.' identifier  (140)

	'+'  shift 157
	'-'  shift 158
	'*'  shift 159
	'/'  shift 160
	'%'  shift 161
	'['  shift 162
	'.'  shift 163
	Y_Equal  reduce 117
	Y_NotEqual  reduce 117
	Y_And  reduce 117
	Y_Or  reduce 117
	';'  reduce 117
	')'  reduce 117
	']'  reduce 117
	','  reduce 117


state 221
	expr : expr . '+' $$11 expr  (99)
	expr : expr . '-' $$12 expr  (101)
	expr : expr . '*' $$13 expr  (103)
	expr : expr . '/' $$14 expr  (105)
	expr : expr . '%' $$15 expr  (107)
	expr : expr . '<' $$16 expr  (109)
	expr : expr . '>' $$17 expr  (111)
	expr : expr . Y_LessEqual $$18 expr  (113)
	expr : expr . Y_Equal $$19 expr  (115)
	expr : expr Y_Equal $$19 expr .  (115)
	expr : expr . Y_GreaterEqual $$20 expr  (117)
	expr : expr . Y_NotEqual $$21 expr  (119)
	expr : expr . Y_And $$22 expr  (121)
	expr : expr . Y_Or $$23 expr  (123)
	lvalue : expr . '[' expr ']'  (139)
	dot : expr . '.' identifier  (140)

	Y_LessEqual  shift 149
	Y_GreaterEqual  shift 150
	'<'  shift 155
	'>'  shift 156
	'+'  shift 157
	'-'  shift 158
	'*'  shift 159
	'/'  shift 160
	'%'  shift 161
	'['  shift 162
	'.'  shift 163
	Y_And  reduce 115
	Y_Or  reduce 115
	';'  reduce 115
	')'  reduce 115
	']'  reduce 115
	','  reduce 115


state 222
	expr : expr . '+' $$11 expr  (99)
	expr : expr . '-' $$12 expr  (101)
	expr : expr . '*' $$13 expr  (103)
	expr : expr . '/' $$14 expr  (105)
	expr : expr . '%' $$15 expr  (107)
	expr : expr . '<' $$16 expr  (109)
	expr : expr . '>' $$17 expr  (111)
	expr : expr . Y_LessEqual $$18 expr  (113)
	expr : expr . Y_Equal $$19 expr  (115)
	expr : expr . Y_GreaterEqual $$20 expr  (117)
	expr : expr . Y_NotEqual $$21 expr  (119)
	expr : expr Y_NotEqual $$21 expr .  (119)
	expr : expr . Y_And $$22 expr  (121)
	expr : expr . Y_Or $$23 expr  (123)
	lvalue : expr . '[' expr ']'  (139)
	dot : expr . '.' identifier  (140)

	Y_LessEqual  shift 149
	Y_GreaterEqual  shift 150
	'<'  shift 155
	'>'  shift 156
	'+'  shift 157
	'-'  shift 158
	'*'  shift 159
	'/'  shift 160
	'%'  shift 161
	'['  shift 162
	'.'  shift 163
	Y_And  reduce 119
	Y_Or  reduce 119
	';'  reduce 119
	')'  reduce 119
	']'  reduce 119
	','  reduce 119


state 223
	expr : expr . '+' $$11 expr  (99)
	expr : expr . '-' $$12 expr  (101)
	expr : expr . '*' $$13 expr  (103)
	expr : expr . '/' $$14 expr  (105)
	expr : expr . '%' $$15 expr  (107)
	expr : expr . '<' $$16 expr  (109)
	expr : expr . '>' $$17 expr  (111)
	expr : expr . Y_LessEqual $$18 expr  (113)
	expr : expr . Y_Equal $$19 expr  (115)
	expr : expr . Y_GreaterEqual $$20 expr  (117)
	expr : expr . Y_NotEqual $$21 expr  (119)
	expr : expr . Y_And $$22 expr  (121)
	expr : expr Y_And $$22 expr .  (121)
	expr : expr . Y_Or $$23 expr  (123)
	lvalue : expr . '[' expr ']'  (139)
	dot : expr . '.' identifier  (140)

	Y_LessEqual  shift 149
	Y_GreaterEqual  shift 150
	Y_Equal  shift 151
	Y_NotEqual  shift 152
	'<'  shift 155
	'>'  shift 156
	'+'  shift 157
	'-'  shift 158
	'*'  shift 159
	'/'  shift 160
	'%'  shift 161
	'['  shift 162
	'.'  shift 163
	Y_And  reduce 121
	Y_Or  reduce 121
	';'  reduce 121
	')'  reduce 121
	']'  reduce 121
	','  reduce 121


state 224
	expr : expr . '+' $$11 expr  (99)
	expr : expr . '-' $$12 expr  (101)
	expr : expr . '*' $$13 expr  (103)
	expr : expr . '/' $$14 expr  (105)
	expr : expr . '%' $$15 expr  (107)
	expr : expr . '<' $$16 expr  (109)
	expr : expr . '>' $$17 expr  (111)
	expr : expr . Y_LessEqual $$18 expr  (113)
	expr : expr . Y_Equal $$19 expr  (115)
	expr : expr . Y_GreaterEqual $$20 expr  (117)
	expr : expr . Y_NotEqual $$21 expr  (119)
	expr : expr . Y_And $$22 expr  (121)
	expr : expr . Y_Or $$23 expr  (123)
	expr : expr Y_Or $$23 expr .  (123)
	lvalue : expr . '[' expr ']'  (139)
	dot : expr . '.' identifier  (140)

	Y_LessEqual  shift 149
	Y_GreaterEqual  shift 150
	Y_Equal  shift 151
	Y_NotEqual  shift 152
	Y_And  shift 153
	'<'  shift 155
	'>'  shift 156
	'+'  shift 157
	'-'  shift 158
	'*'  shift 159
	'/'  shift 160
	'%'  shift 161
	'['  shift 162
	'.'  shift 163
	Y_Or  reduce 123
	';'  reduce 123
	')'  reduce 123
	']'  reduce 123
	','  reduce 123


state 225
	expr : expr . '+' $$11 expr  (99)
	expr : expr . '-' $$12 expr  (101)
	expr : expr . '*' $$13 expr  (103)
	expr : expr . '/' $$14 expr  (105)
	expr : expr . '%' $$15 expr  (107)
	expr : expr . '<' $$16 expr  (109)
	expr : expr '<' $$16 expr .  (109)
	expr : expr . '>' $$17 expr  (111)
	expr : expr . Y_LessEqual $$18 expr  (113)
	expr : expr . Y_Equal $$19 expr  (115)
	expr : expr . Y_GreaterEqual $$20 expr  (117)
	expr : expr . Y_NotEqual $$21 expr  (119)
	expr : expr . Y_And $$22 expr  (121)
	expr : expr . Y_Or $$23 expr  (123)
	lvalue : expr . '[' expr ']'  (139)
	dot : expr . '.' identifier  (140)

	'+'  shift 157
	'-'  shift 158
	'*'  shift 159
	'/'  shift 160
	'%'  shift 161
	'['  shift 162
	'.'  shift 163
	Y_Equal  reduce 109
	Y_NotEqual  reduce 109
	Y_And  reduce 109
	Y_Or  reduce 109
	';'  reduce 109
	')'  reduce 109
	']'  reduce 109
	','  reduce 109


state 226
	expr : expr . '+' $$11 expr  (99)
	expr : expr . '-' $$12 expr  (101)
	expr : expr . '*' $$13 expr  (103)
	expr : expr . '/' $$14 expr  (105)
	expr : expr . '%' $$15 expr  (107)
	expr : expr . '<' $$16 expr  (109)
	expr : expr . '>' $$17 expr  (111)
	expr : expr '>' $$17 expr .  (111)
	expr : expr . Y_LessEqual $$18 expr  (113)
	expr : expr . Y_Equal $$19 expr  (115)
	expr : expr . Y_GreaterEqual $$20 expr  (117)
	expr : expr . Y_NotEqual $$21 expr  (119)
	expr : expr . Y_And $$22 expr  (121)
	expr : expr . Y_Or $$23 expr  (123)
	lvalue : expr . '[' expr ']'  (139)
	dot : expr . '.' identifier  (140)

	'+'  shift 157
	'-'  shift 158
	'*'  shift 159
	'/'  shift 160
	'%'  shift 161
	'['  shift 162
	'.'  shift 163
	Y_Equal  reduce 111
	Y_NotEqual  reduce 111
	Y_And  reduce 111
	Y_Or  reduce 111
	';'  reduce 111
	')'  reduce 111
	']'  reduce 111
	','  reduce 111


state 227
	expr : expr . '+' $$11 expr  (99)
	expr : expr '+' $$11 expr .  (99)
	expr : expr . '-' $$12 expr  (101)
	expr : expr . '*' $$13 expr  (103)
	expr : expr . '/' $$14 expr  (105)
	expr : expr . '%' $$15 expr  (107)
	expr : expr . '<' $$16 expr  (109)
	expr : expr . '>' $$17 expr  (111)
	expr : expr . Y_LessEqual $$18 expr  (113)
	expr : expr . Y_Equal $$19 expr  (115)
	expr : expr . Y_GreaterEqual $$20 expr  (117)
	expr : expr . Y_NotEqual $$21 expr  (119)
	expr : expr . Y_And $$22 expr  (121)
	expr : expr . Y_Or $$23 expr  (123)
	lvalue : expr . '[' expr ']'  (139)
	dot : expr . '.' identifier  (140)

	'*'  shift 159
	'/'  shift 160
	'%'  shift 161
	'['  shift 162
	'.'  shift 163
	Y_LessEqual  reduce 99
	Y_GreaterEqual  reduce 99
	Y_Equal  reduce 99
	Y_NotEqual  reduce 99
	Y_And  reduce 99
	Y_Or  reduce 99
	'<'  reduce 99
	'>'  reduce 99
	'+'  reduce 99
	'-'  reduce 99
	';'  reduce 99
	')'  reduce 99
	']'  reduce 99
	','  reduce 99


state 228
	expr : expr . '+' $$11 expr  (99)
	expr : expr . '-' $$12 expr  (101)
	expr : expr '-' $$12 expr .  (101)
	expr : expr . '*' $$13 expr  (103)
	expr : expr . '/' $$14 expr  (105)
	expr : expr . '%' $$15 expr  (107)
	expr : expr . '<' $$16 expr  (109)
	expr : expr . '>' $$17 expr  (111)
	expr : expr . Y_LessEqual $$18 expr  (113)
	expr : expr . Y_Equal $$19 expr  (115)
	expr : expr . Y_GreaterEqual $$20 expr  (117)
	expr : expr . Y_NotEqual $$21 expr  (119)
	expr : expr . Y_And $$22 expr  (121)
	expr : expr . Y_Or $$23 expr  (123)
	lvalue : expr . '[' expr ']'  (139)
	dot : expr . '.' identifier  (140)

	'*'  shift 159
	'/'  shift 160
	'%'  shift 161
	'['  shift 162
	'.'  shift 163
	Y_LessEqual  reduce 101
	Y_GreaterEqual  reduce 101
	Y_Equal  reduce 101
	Y_NotEqual  reduce 101
	Y_And  reduce 101
	Y_Or  reduce 101
	'<'  reduce 101
	'>'  reduce 101
	'+'  reduce 101
	'-'  reduce 101
	';'  reduce 101
	')'  reduce 101
	']'  reduce 101
	','  reduce 101


state 229
	expr : expr . '+' $$11 expr  (99)
	expr : expr . '-' $$12 expr  (101)
	expr : expr . '*' $$13 expr  (103)
	expr : expr '*' $$13 expr .  (103)
	expr : expr . '/' $$14 expr  (105)
	expr : expr . '%' $$15 expr  (107)
	expr : expr . '<' $$16 expr  (109)
	expr : expr . '>' $$17 expr  (111)
	expr : expr . Y_LessEqual $$18 expr  (113)
	expr : expr . Y_Equal $$19 expr  (115)
	expr : expr . Y_GreaterEqual $$20 expr  (117)
	expr : expr . Y_NotEqual $$21 expr  (119)
	expr : expr . Y_And $$22 expr  (121)
	expr : expr . Y_Or $$23 expr  (123)
	lvalue : expr . '[' expr ']'  (139)
	dot : expr . '.' identifier  (140)

	'['  shift 162
	'.'  shift 163
	Y_LessEqual  reduce 103
	Y_GreaterEqual  reduce 103
	Y_Equal  reduce 103
	Y_NotEqual  reduce 103
	Y_And  reduce 103
	Y_Or  reduce 103
	'<'  reduce 103
	'>'  reduce 103
	'+'  reduce 103
	'-'  reduce 103
	'*'  reduce 103
	'/'  reduce 103
	'%'  reduce 103
	';'  reduce 103
	')'  reduce 103
	']'  reduce 103
	','  reduce 103


state 230
	expr : expr . '+' $$11 expr  (99)
	expr : expr . '-' $$12 expr  (101)
	expr : expr . '*' $$13 expr  (103)
	expr : expr . '/' $$14 expr  (105)
	expr : expr '/' $$14 expr .  (105)
	expr : expr . '%' $$15 expr  (107)
	expr : expr . '<' $$16 expr  (109)
	expr : expr . '>' $$17 expr  (111)
	expr : expr . Y_LessEqual $$18 expr  (113)
	expr : expr . Y_Equal $$19 expr  (115)
	expr : expr . Y_GreaterEqual $$20 expr  (117)
	expr : expr . Y_NotEqual $$21 expr  (119)
	expr : expr . Y_And $$22 expr  (121)
	expr : expr . Y_Or $$23 expr  (123)
	lvalue : expr . '[' expr ']'  (139)
	dot : expr . '.' identifier  (140)

	'['  shift 162
	'.'  shift 163
	Y_LessEqual  reduce 105
	Y_GreaterEqual  reduce 105
	Y_Equal  reduce 105
	Y_NotEqual  reduce 105
	Y_And  reduce 105
	Y_Or  reduce 105
	'<'  reduce 105
	'>'  reduce 105
	'+'  reduce 105
	'-'  reduce 105
	'*'  reduce 105
	'/'  reduce 105
	'%'  reduce 105
	';'  reduce 105
	')'  reduce 105
	']'  reduce 105
	','  reduce 105


state 231
	expr : expr . '+' $$11 expr  (99)
	expr : expr . '-' $$12 expr  (101)
	expr : expr . '*' $$13 expr  (103)
	expr : expr . '/' $$14 expr  (105)
	expr : expr . '%' $$15 expr  (107)
	expr : expr '%' $$15 expr .  (107)
	expr : expr . '<' $$16 expr  (109)
	expr : expr . '>' $$17 expr  (111)
	expr : expr . Y_LessEqual $$18 expr  (113)
	expr : expr . Y_Equal $$19 expr  (115)
	expr : expr . Y_GreaterEqual $$20 expr  (117)
	expr : expr . Y_NotEqual $$21 expr  (119)
	expr : expr . Y_And $$22 expr  (121)
	expr : expr . Y_Or $$23 expr  (123)
	lvalue : expr . '[' expr ']'  (139)
	dot : expr . '.' identifier  (140)

	'['  shift 162
	'.'  shift 163
	Y_LessEqual  reduce 107
	Y_GreaterEqual  reduce 107
	Y_Equal  reduce 107
	Y_NotEqual  reduce 107
	Y_And  reduce 107
	Y_Or  reduce 107
	'<'  reduce 107
	'>'  reduce 107
	'+'  reduce 107
	'-'  reduce 107
	'*'  reduce 107
	'/'  reduce 107
	'%'  reduce 107
	';'  reduce 107
	')'  reduce 107
	']'  reduce 107
	','  reduce 107


state 232
	lvalue : expr '[' expr ']' .  (139)

	.  reduce 139


state 233
	expr : lvalue '=' $$10 expr .  (94)
	expr : expr . '+' $$11 expr  (99)
	expr : expr . '-' $$12 expr  (101)
	expr : expr . '*' $$13 expr  (103)
	expr : expr . '/' $$14 expr  (105)
	expr : expr . '%' $$15 expr  (107)
	expr : expr . '<' $$16 expr  (109)
	expr : expr . '>' $$17 expr  (111)
	expr : expr . Y_LessEqual $$18 expr  (113)
	expr : expr . Y_Equal $$19 expr  (115)
	expr : expr . Y_GreaterEqual $$20 expr  (117)
	expr : expr . Y_NotEqual $$21 expr  (119)
	expr : expr . Y_And $$22 expr  (121)
	expr : expr . Y_Or $$23 expr  (123)
	lvalue : expr . '[' expr ']'  (139)
	dot : expr . '.' identifier  (140)

	Y_LessEqual  shift 149
	Y_GreaterEqual  shift 150
	Y_Equal  shift 151
	Y_NotEqual  shift 152
	Y_And  shift 153
	Y_Or  shift 154
	'<'  shift 155
	'>'  shift 156
	'+'  shift 157
	'-'  shift 158
	'*'  shift 159
	'/'  shift 160
	'%'  shift 161
	'['  shift 162
	'.'  shift 163
	';'  reduce 94
	')'  reduce 94
	']'  reduce 94
	','  reduce 94


state 234
	call : dot '(' actuals ')' .  (141)

	.  reduce 141


state 235
	commonFor : Y_For $$9 '(' nexpr ';' . expr ';' nexpr ')'  (76)

	Y_Null  shift 80
	Y_This  shift 81
	Y_New  shift 87
	Y_NewArray  shift 88
	Y_ReadInteger  shift 90
	Y_ReadLine  shift 91
	Y_Identifier  shift 22
	Y_IntConstant  shift 92
	Y_BoolConstant  shift 93
	Y_DoubleConstant  shift 94
	Y_StringConstant  shift 95
	'-'  shift 96
	'!'  shift 97
	'('  shift 98
	.  error

	identifier  goto 99
	expr  goto 242
	constant  goto 122
	lvalue  goto 123
	call  goto 124
	dot  goto 125


state 236
	commonWhile : Y_While $$8 '(' expr ')' .  (74)

	.  reduce 74


state 237
	commonIf : Y_If $$7 '(' expr ')' .  (72)

	.  reduce 72


state 238
	expr : Y_New $$28 '(' identifier ')' .  (134)

	.  reduce 134


state 239
	expr : Y_NewArray $$29 '(' expr ',' . type ')'  (136)

	Y_Int  shift 2
	Y_Double  shift 3
	Y_Bool  shift 4
	Y_String  shift 5
	Y_TypeIdentifier  shift 8
	.  error

	type  goto 243


state 240
	printStmt : Y_Print $$6 '(' exprs ')' . ';'  (56)

	';'  shift 244
	.  error


state 241
	expr : expr . '+' $$11 expr  (99)
	expr : expr . '-' $$12 expr  (101)
	expr : expr . '*' $$13 expr  (103)
	expr : expr . '/' $$14 expr  (105)
	expr : expr . '%' $$15 expr  (107)
	expr : expr . '<' $$16 expr  (109)
	expr : expr . '>' $$17 expr  (111)
	expr : expr . Y_LessEqual $$18 expr  (113)
	expr : expr . Y_Equal $$19 expr  (115)
	expr : expr . Y_GreaterEqual $$20 expr  (117)
	expr : expr . Y_NotEqual $$21 expr  (119)
	expr : expr . Y_And $$22 expr  (121)
	expr : expr . Y_Or $$23 expr  (123)
	lvalue : expr . '[' expr ']'  (139)
	dot : expr . '.' identifier  (140)
	exprs : exprs ',' expr .  (145)

	Y_LessEqual  shift 149
	Y_GreaterEqual  shift 150
	Y_Equal  shift 151
	Y_NotEqual  shift 152
	Y_And  shift 153
	Y_Or  shift 154
	'<'  shift 155
	'>'  shift 156
	'+'  shift 157
	'-'  shift 158
	'*'  shift 159
	'/'  shift 160
	'%'  shift 161
	'['  shift 162
	'.'  shift 163
	')'  reduce 145
	','  reduce 145


state 242
	commonFor : Y_For $$9 '(' nexpr ';' expr . ';' nexpr ')'  (76)
	expr : expr . '+' $$11 expr  (99)
	expr : expr . '-' $$12 expr  (101)
	expr : expr . '*' $$13 expr  (103)
	expr : expr . '/' $$14 expr  (105)
	expr : expr . '%' $$15 expr  (107)
	expr : expr . '<' $$16 expr  (109)
	expr : expr . '>' $$17 expr  (111)
	expr : expr . Y_LessEqual $$18 expr  (113)
	expr : expr . Y_Equal $$19 expr  (115)
	expr : expr . Y_GreaterEqual $$20 expr  (117)
	expr : expr . Y_NotEqual $$21 expr  (119)
	expr : expr . Y_And $$22 expr  (121)
	expr : expr . Y_Or $$23 expr  (123)
	lvalue : expr . '[' expr ']'  (139)
	dot : expr . '.' identifier  (140)

	Y_LessEqual  shift 149
	Y_GreaterEqual  shift 150
	Y_Equal  shift 151
	Y_NotEqual  shift 152
	Y_And  shift 153
	Y_Or  shift 154
	'<'  shift 155
	'>'  shift 156
	'+'  shift 157
	'-'  shift 158
	'*'  shift 159
	'/'  shift 160
	'%'  shift 161
	'['  shift 162
	'.'  shift 163
	';'  shift 245
	.  error


state 243
	type : type . '[' ']'  (26)
	expr : Y_NewArray $$29 '(' expr ',' type . ')'  (136)

	'['  shift 23
	')'  shift 246
	.  error


state 244
	printStmt : Y_Print $$6 '(' exprs ')' ';' .  (56)

	.  reduce 56


state 245
	commonFor : Y_For $$9 '(' nexpr ';' expr ';' . nexpr ')'  (76)
	nexpr : .  (91)

	Y_Null  shift 80
	Y_This  shift 81
	Y_New  shift 87
	Y_NewArray  shift 88
	Y_ReadInteger  shift 90
	Y_ReadLine  shift 91
	Y_Identifier  shift 22
	Y_IntConstant  shift 92
	Y_BoolConstant  shift 93
	Y_DoubleConstant  shift 94
	Y_StringConstant  shift 95
	'-'  shift 96
	'!'  shift 97
	'('  shift 98
	')'  reduce 91

	identifier  goto 99
	nexpr  goto 247
	expr  goto 118
	constant  goto 122
	lvalue  goto 123
	call  goto 124
	dot  goto 125


state 246
	expr : Y_NewArray $$29 '(' expr ',' type ')' .  (136)

	.  reduce 136


state 247
	commonFor : Y_For $$9 '(' nexpr ';' expr ';' nexpr . ')'  (76)

	')'  shift 248
	.  error


state 248
	commonFor : Y_For $$9 '(' nexpr ';' expr ';' nexpr ')' .  (76)

	.  reduce 76


72 terminals, 80 nonterminals
150 grammar rules, 249 states
